<?xml version="1.0" encoding="UTF-8"?>
<coverage generated="1586156206274" clover="3.2.0">
  <project timestamp="1586156206275" name="All files">
    <metrics statements="60" coveredstatements="59" conditionals="12" coveredconditionals="10" methods="21" coveredmethods="20" elements="93" coveredelements="89" complexity="0" loc="60" ncloc="60" packages="3" files="6" classes="6"/>
    <package name="src">
      <metrics statements="14" coveredstatements="14" conditionals="2" coveredconditionals="1" methods="6" coveredmethods="6"/>
      <file name="Analytics.ts" path="/Users/rood/Workplace/passive-analytics/src/Analytics.ts">
        <metrics statements="14" coveredstatements="14" conditionals="2" coveredconditionals="1" methods="6" coveredmethods="6"/>
        <line num="3" count="1" type="stmt"/>
        <line num="15" count="2" type="stmt"/>
        <line num="16" count="2" type="stmt"/>
        <line num="24" count="1" type="stmt"/>
        <line num="25" count="2" type="cond" truecount="1" falsecount="1"/>
        <line num="27" count="2" type="stmt"/>
        <line num="29" count="2" type="stmt"/>
        <line num="37" count="1" type="stmt"/>
        <line num="38" count="2" type="stmt"/>
        <line num="44" count="1" type="stmt"/>
        <line num="45" count="1" type="stmt"/>
        <line num="51" count="1" type="stmt"/>
        <line num="52" count="2" type="stmt"/>
        <line num="54" count="1" type="stmt"/>
      </file>
    </package>
    <package name="src.providers">
      <metrics statements="12" coveredstatements="12" conditionals="2" coveredconditionals="2" methods="4" coveredmethods="4"/>
      <file name="ConsoleProvider.ts" path="/Users/rood/Workplace/passive-analytics/src/providers/ConsoleProvider.ts">
        <metrics statements="11" coveredstatements="11" conditionals="2" coveredconditionals="2" methods="4" coveredmethods="4"/>
        <line num="1" count="4" type="stmt"/>
        <line num="5" count="4" type="stmt"/>
        <line num="6" count="4" type="stmt"/>
        <line num="13" count="9" type="cond" truecount="2" falsecount="0"/>
        <line num="14" count="9" type="stmt"/>
        <line num="20" count="4" type="stmt"/>
        <line num="21" count="2" type="stmt"/>
        <line num="27" count="4" type="stmt"/>
        <line num="29" count="6" type="stmt"/>
        <line num="31" count="6" type="stmt"/>
        <line num="33" count="4" type="stmt"/>
      </file>
      <file name="index.ts" path="/Users/rood/Workplace/passive-analytics/src/providers/index.ts">
        <metrics statements="1" coveredstatements="1" conditionals="0" coveredconditionals="0" methods="0" coveredmethods="0"/>
        <line num="1" count="4" type="stmt"/>
      </file>
    </package>
    <package name="src.trackers">
      <metrics statements="34" coveredstatements="33" conditionals="8" coveredconditionals="7" methods="11" coveredmethods="10"/>
      <file name="PagePerformanceTracker.ts" path="/Users/rood/Workplace/passive-analytics/src/trackers/PagePerformanceTracker.ts">
        <metrics statements="26" coveredstatements="26" conditionals="8" coveredconditionals="7" methods="8" coveredmethods="8"/>
        <line num="3" count="3" type="stmt"/>
        <line num="7" count="3" type="stmt"/>
        <line num="8" count="3" type="stmt"/>
        <line num="15" count="5" type="stmt"/>
        <line num="16" count="5" type="stmt"/>
        <line num="22" count="3" type="stmt"/>
        <line num="23" count="2" type="cond" truecount="2" falsecount="0"/>
        <line num="25" count="1" type="stmt"/>
        <line num="27" count="1" type="stmt"/>
        <line num="33" count="3" type="stmt"/>
        <line num="34" count="6" type="stmt"/>
        <line num="40" count="3" type="stmt"/>
        <line num="41" count="4" type="stmt"/>
        <line num="47" count="4" type="stmt"/>
        <line num="48" count="4" type="cond" truecount="2" falsecount="0"/>
        <line num="50" count="3" type="stmt"/>
        <line num="51" count="3" type="stmt"/>
        <line num="52" count="6" type="stmt"/>
        <line num="60" count="6" type="cond" truecount="2" falsecount="0"/>
        <line num="61" count="3" type="stmt"/>
        <line num="62" count="3" type="cond" truecount="1" falsecount="1"/>
        <line num="63" count="3" type="stmt"/>
        <line num="66" count="6" type="stmt"/>
        <line num="70" count="6" type="stmt"/>
        <line num="73" count="3" type="stmt"/>
        <line num="75" count="3" type="stmt"/>
      </file>
      <file name="PageViewTracker.ts" path="/Users/rood/Workplace/passive-analytics/src/trackers/PageViewTracker.ts">
        <metrics statements="6" coveredstatements="5" conditionals="0" coveredconditionals="0" methods="3" coveredmethods="2"/>
        <line num="3" count="3" type="stmt"/>
        <line num="4" count="3" type="stmt"/>
        <line num="9" count="3" type="stmt"/>
        <line num="12" count="3" type="stmt"/>
        <line num="13" count="0" type="stmt"/>
        <line num="15" count="3" type="stmt"/>
      </file>
      <file name="index.ts" path="/Users/rood/Workplace/passive-analytics/src/trackers/index.ts">
        <metrics statements="2" coveredstatements="2" conditionals="0" coveredconditionals="0" methods="0" coveredmethods="0"/>
        <line num="1" count="3" type="stmt"/>
        <line num="2" count="3" type="stmt"/>
      </file>
    </package>
  </project>
</coverage>
