{"/Users/rood/Workplace/passive-analytics/src/Analytics.ts": {"path":"/Users/rood/Workplace/passive-analytics/src/Analytics.ts","statementMap":{"0":{"start":{"line":3,"column":0},"end":{"line":3,"column":null}},"1":{"start":{"line":15,"column":8},"end":{"line":15,"column":26}},"2":{"start":{"line":16,"column":8},"end":{"line":16,"column":28}},"3":{"start":{"line":24,"column":11},"end":{"line":30,"column":null}},"4":{"start":{"line":25,"column":8},"end":{"line":25,"column":41}},"5":{"start":{"line":25,"column":21},"end":{"line":25,"column":41}},"6":{"start":{"line":27,"column":8},"end":{"line":27,"column":63}},"7":{"start":{"line":29,"column":8},"end":{"line":29,"column":28}},"8":{"start":{"line":37,"column":11},"end":{"line":39,"column":null}},"9":{"start":{"line":38,"column":8},"end":{"line":38,"column":34}},"10":{"start":{"line":44,"column":11},"end":{"line":46,"column":null}},"11":{"start":{"line":45,"column":8},"end":{"line":45,"column":48}},"12":{"start":{"line":51,"column":11},"end":{"line":53,"column":null}},"13":{"start":{"line":52,"column":8},"end":{"line":52,"column":37}},"14":{"start":{"line":54,"column":0},"end":{"line":54,"column":null}}},"fnMap":{"0":{"name":"(anonymous_0)","decl":{"start":{"line":3,"column":0},"end":{"line":3,"column":null}},"loc":{"start":{"line":3,"column":0},"end":{"line":54,"column":null}}},"1":{"name":"Analytics","decl":{"start":{"line":14,"column":4},"end":{"line":14,"column":null}},"loc":{"start":{"line":14,"column":4},"end":{"line":17,"column":5}}},"2":{"name":"(anonymous_2)","decl":{"start":{"line":24,"column":4},"end":{"line":24,"column":11}},"loc":{"start":{"line":24,"column":46},"end":{"line":30,"column":5}}},"3":{"name":"(anonymous_3)","decl":{"start":{"line":37,"column":4},"end":{"line":37,"column":11}},"loc":{"start":{"line":37,"column":51},"end":{"line":39,"column":5}}},"4":{"name":"(anonymous_4)","decl":{"start":{"line":44,"column":4},"end":{"line":44,"column":11}},"loc":{"start":{"line":44,"column":4},"end":{"line":46,"column":5}}},"5":{"name":"(anonymous_5)","decl":{"start":{"line":51,"column":4},"end":{"line":51,"column":11}},"loc":{"start":{"line":51,"column":48},"end":{"line":53,"column":5}}}},"branchMap":{"0":{"loc":{"start":{"line":25,"column":8},"end":{"line":25,"column":41}},"type":"if","locations":[{"start":{"line":25,"column":8},"end":{"line":25,"column":41}},{"start":{"line":25,"column":8},"end":{"line":25,"column":41}}]}},"s":{"0":1,"1":2,"2":2,"3":1,"4":2,"5":0,"6":2,"7":2,"8":1,"9":2,"10":1,"11":1,"12":1,"13":2,"14":1},"f":{"0":1,"1":2,"2":2,"3":2,"4":1,"5":2},"b":{"0":[0,2]}}
,"/Users/rood/Workplace/passive-analytics/src/providers/ConsoleProvider.ts": {"path":"/Users/rood/Workplace/passive-analytics/src/providers/ConsoleProvider.ts","statementMap":{"0":{"start":{"line":1,"column":0},"end":{"line":1,"column":34}},"1":{"start":{"line":5,"column":0},"end":{"line":5,"column":13}},"2":{"start":{"line":13,"column":8},"end":{"line":13,"column":52}},"3":{"start":{"line":14,"column":8},"end":{"line":14,"column":59}},"4":{"start":{"line":20,"column":4},"end":{"line":22,"column":null}},"5":{"start":{"line":21,"column":8},"end":{"line":21,"column":44}},"6":{"start":{"line":27,"column":17},"end":{"line":32,"column":null}},"7":{"start":{"line":29,"column":8},"end":{"line":29,"column":27}},"8":{"start":{"line":31,"column":8},"end":{"line":31,"column":20}},"9":{"start":{"line":6,"column":11},"end":{"line":6,"column":44}},"10":{"start":{"line":33,"column":0},"end":{"line":33,"column":null}},"11":{"start":{"line":5,"column":13},"end":{"line":5,"column":28}}},"fnMap":{"0":{"name":"(anonymous_13)","decl":{"start":{"line":5,"column":0},"end":{"line":5,"column":13}},"loc":{"start":{"line":5,"column":0},"end":{"line":5,"column":13}}},"1":{"name":"ConsoleProvider","decl":{"start":{"line":12,"column":4},"end":{"line":12,"column":16}},"loc":{"start":{"line":12,"column":23},"end":{"line":15,"column":5}}},"2":{"name":"(anonymous_15)","decl":{"start":{"line":20,"column":4},"end":{"line":20,"column":19}},"loc":{"start":{"line":20,"column":4},"end":{"line":22,"column":5}}},"3":{"name":"(anonymous_16)","decl":{"start":{"line":27,"column":4},"end":{"line":27,"column":17}},"loc":{"start":{"line":27,"column":43},"end":{"line":32,"column":null}}}},"branchMap":{"0":{"loc":{"start":{"line":13,"column":26},"end":{"line":13,"column":41}},"type":"binary-expr","locations":[{"start":{"line":13,"column":26},"end":{"line":13,"column":41}},{"start":{"line":13,"column":45},"end":{"line":13,"column":51}}]}},"s":{"0":4,"1":4,"2":9,"3":9,"4":4,"5":2,"6":4,"7":6,"8":6,"9":4,"10":4,"11":4},"f":{"0":4,"1":9,"2":2,"3":6},"b":{"0":[9,9]}}
,"/Users/rood/Workplace/passive-analytics/src/providers/index.ts": {"path":"/Users/rood/Workplace/passive-analytics/src/providers/index.ts","statementMap":{"0":{"start":{"line":1,"column":0},"end":{"line":1,"column":34}}},"fnMap":{},"branchMap":{},"s":{"0":4},"f":{},"b":{}}
,"/Users/rood/Workplace/passive-analytics/src/trackers/PagePerformanceTracker.ts": {"path":"/Users/rood/Workplace/passive-analytics/src/trackers/PagePerformanceTracker.ts","statementMap":{"0":{"start":{"line":3,"column":13},"end":{"line":5,"column":2}},"1":{"start":{"line":7,"column":0},"end":{"line":7,"column":13}},"2":{"start":{"line":15,"column":8},"end":{"line":15,"column":63}},"3":{"start":{"line":16,"column":8},"end":{"line":16,"column":34}},"4":{"start":{"line":22,"column":11},"end":{"line":28,"column":null}},"5":{"start":{"line":23,"column":8},"end":{"line":23,"column":41}},"6":{"start":{"line":23,"column":21},"end":{"line":23,"column":41}},"7":{"start":{"line":25,"column":8},"end":{"line":25,"column":63}},"8":{"start":{"line":27,"column":8},"end":{"line":27,"column":28}},"9":{"start":{"line":33,"column":11},"end":{"line":35,"column":null}},"10":{"start":{"line":34,"column":8},"end":{"line":34,"column":50}},"11":{"start":{"line":40,"column":11},"end":{"line":42,"column":null}},"12":{"start":{"line":41,"column":8},"end":{"line":41,"column":21}},"13":{"start":{"line":47,"column":12},"end":{"line":74,"column":null}},"14":{"start":{"line":47,"column":4},"end":{"line":47,"column":12}},"15":{"start":{"line":48,"column":8},"end":{"line":48,"column":48}},"16":{"start":{"line":48,"column":41},"end":{"line":48,"column":48}},"17":{"start":{"line":50,"column":25},"end":{"line":72,"column":10}},"18":{"start":{"line":51,"column":12},"end":{"line":71,"column":15}},"19":{"start":{"line":52,"column":38},"end":{"line":58,"column":18}},"20":{"start":{"line":60,"column":16},"end":{"line":64,"column":null}},"21":{"start":{"line":61,"column":20},"end":{"line":61,"column":50}},"22":{"start":{"line":62,"column":23},"end":{"line":64,"column":null}},"23":{"start":{"line":63,"column":20},"end":{"line":63,"column":49}},"24":{"start":{"line":66,"column":50},"end":{"line":69,"column":18}},"25":{"start":{"line":70,"column":16},"end":{"line":70,"column":51}},"26":{"start":{"line":73,"column":8},"end":{"line":73,"column":70}},"27":{"start":{"line":8,"column":11},"end":{"line":8,"column":51}},"28":{"start":{"line":75,"column":0},"end":{"line":75,"column":2}},"29":{"start":{"line":7,"column":13},"end":{"line":7,"column":35}}},"fnMap":{"0":{"name":"(anonymous_0)","decl":{"start":{"line":7,"column":0},"end":{"line":7,"column":13}},"loc":{"start":{"line":7,"column":0},"end":{"line":7,"column":13}}},"1":{"name":"PagePerformanceTracker","decl":{"start":{"line":14,"column":4},"end":{"line":14,"column":16}},"loc":{"start":{"line":14,"column":24},"end":{"line":17,"column":5}}},"2":{"name":"(anonymous_2)","decl":{"start":{"line":22,"column":4},"end":{"line":22,"column":11}},"loc":{"start":{"line":22,"column":59},"end":{"line":28,"column":5}}},"3":{"name":"(anonymous_3)","decl":{"start":{"line":33,"column":4},"end":{"line":33,"column":11}},"loc":{"start":{"line":33,"column":4},"end":{"line":35,"column":5}}},"4":{"name":"(anonymous_4)","decl":{"start":{"line":40,"column":4},"end":{"line":40,"column":11}},"loc":{"start":{"line":40,"column":4},"end":{"line":42,"column":5}}},"5":{"name":"(anonymous_5)","decl":{"start":{"line":47,"column":4},"end":{"line":47,"column":12}},"loc":{"start":{"line":47,"column":4},"end":{"line":74,"column":5}}},"6":{"name":"(anonymous_6)","decl":{"start":{"line":50,"column":49},"end":{"line":50,"column":50}},"loc":{"start":{"line":50,"column":54},"end":{"line":72,"column":9}}},"7":{"name":"(anonymous_7)","decl":{"start":{"line":51,"column":38},"end":{"line":51,"column":39}},"loc":{"start":{"line":51,"column":44},"end":{"line":71,"column":13}}}},"branchMap":{"0":{"loc":{"start":{"line":23,"column":8},"end":{"line":23,"column":41}},"type":"if","locations":[{"start":{"line":23,"column":8},"end":{"line":23,"column":41}},{"start":{"line":23,"column":8},"end":{"line":23,"column":41}}]},"1":{"loc":{"start":{"line":48,"column":8},"end":{"line":48,"column":48}},"type":"if","locations":[{"start":{"line":48,"column":8},"end":{"line":48,"column":48}},{"start":{"line":48,"column":8},"end":{"line":48,"column":48}}]},"2":{"loc":{"start":{"line":60,"column":16},"end":{"line":64,"column":null}},"type":"if","locations":[{"start":{"line":60,"column":16},"end":{"line":64,"column":null}},{"start":{"line":60,"column":16},"end":{"line":64,"column":null}}]},"3":{"loc":{"start":{"line":62,"column":23},"end":{"line":64,"column":null}},"type":"if","locations":[{"start":{"line":62,"column":23},"end":{"line":64,"column":null}},{"start":{"line":62,"column":23},"end":{"line":64,"column":null}}]}},"s":{"0":3,"1":3,"2":5,"3":5,"4":3,"5":2,"6":1,"7":1,"8":1,"9":3,"10":6,"11":3,"12":4,"13":3,"14":4,"15":4,"16":1,"17":3,"18":3,"19":6,"20":6,"21":3,"22":3,"23":3,"24":6,"25":6,"26":3,"27":3,"28":3,"29":3},"f":{"0":3,"1":5,"2":2,"3":6,"4":4,"5":4,"6":3,"7":6},"b":{"0":[1,1],"1":[1,3],"2":[3,3],"3":[3,0]}}
,"/Users/rood/Workplace/passive-analytics/src/trackers/PageViewTracker.ts": {"path":"/Users/rood/Workplace/passive-analytics/src/trackers/PageViewTracker.ts","statementMap":{"0":{"start":{"line":3,"column":0},"end":{"line":3,"column":13}},"1":{"start":{"line":9,"column":8},"end":{"line":9,"column":34}},"2":{"start":{"line":12,"column":11},"end":{"line":14,"column":null}},"3":{"start":{"line":13,"column":8},"end":{"line":13,"column":43}},"4":{"start":{"line":4,"column":11},"end":{"line":4,"column":44}},"5":{"start":{"line":15,"column":0},"end":{"line":15,"column":2}},"6":{"start":{"line":3,"column":13},"end":{"line":3,"column":28}}},"fnMap":{"0":{"name":"(anonymous_0)","decl":{"start":{"line":3,"column":0},"end":{"line":3,"column":13}},"loc":{"start":{"line":3,"column":0},"end":{"line":3,"column":13}}},"1":{"name":"PageViewTracker","decl":{"start":{"line":8,"column":4},"end":{"line":8,"column":16}},"loc":{"start":{"line":8,"column":24},"end":{"line":10,"column":5}}},"2":{"name":"(anonymous_2)","decl":{"start":{"line":12,"column":4},"end":{"line":12,"column":11}},"loc":{"start":{"line":12,"column":4},"end":{"line":14,"column":5}}}},"branchMap":{},"s":{"0":3,"1":3,"2":3,"3":0,"4":3,"5":3,"6":3},"f":{"0":3,"1":3,"2":0},"b":{}}
,"/Users/rood/Workplace/passive-analytics/src/trackers/index.ts": {"path":"/Users/rood/Workplace/passive-analytics/src/trackers/index.ts","statementMap":{"0":{"start":{"line":1,"column":0},"end":{"line":1,"column":41}},"1":{"start":{"line":2,"column":0},"end":{"line":2,"column":34}}},"fnMap":{},"branchMap":{},"s":{"0":3,"1":3},"f":{},"b":{}}
}
