{"/Users/rood/Workplace/passive-analytics/src/Analytics.ts": {"path":"/Users/rood/Workplace/passive-analytics/src/Analytics.ts","statementMap":{"0":{"start":{"line":3,"column":0},"end":{"line":3,"column":null}},"1":{"start":{"line":15,"column":8},"end":{"line":15,"column":26}},"2":{"start":{"line":16,"column":8},"end":{"line":16,"column":28}},"3":{"start":{"line":24,"column":11},"end":{"line":30,"column":null}},"4":{"start":{"line":25,"column":8},"end":{"line":25,"column":41}},"5":{"start":{"line":25,"column":21},"end":{"line":25,"column":41}},"6":{"start":{"line":27,"column":8},"end":{"line":27,"column":63}},"7":{"start":{"line":29,"column":8},"end":{"line":29,"column":28}},"8":{"start":{"line":37,"column":11},"end":{"line":39,"column":null}},"9":{"start":{"line":38,"column":8},"end":{"line":38,"column":34}},"10":{"start":{"line":44,"column":11},"end":{"line":46,"column":null}},"11":{"start":{"line":45,"column":8},"end":{"line":45,"column":48}},"12":{"start":{"line":51,"column":11},"end":{"line":53,"column":null}},"13":{"start":{"line":52,"column":8},"end":{"line":52,"column":37}},"14":{"start":{"line":58,"column":11},"end":{"line":69,"column":null}},"15":{"start":{"line":59,"column":30},"end":{"line":65,"column":10}},"16":{"start":{"line":66,"column":8},"end":{"line":66,"column":37}},"17":{"start":{"line":68,"column":8},"end":{"line":68,"column":29}},"18":{"start":{"line":74,"column":12},"end":{"line":76,"column":null}},"19":{"start":{"line":75,"column":8},"end":{"line":75,"column":61}},"20":{"start":{"line":75,"column":44},"end":{"line":75,"column":60}},"21":{"start":{"line":77,"column":0},"end":{"line":77,"column":null}}},"fnMap":{"0":{"name":"(anonymous_0)","decl":{"start":{"line":3,"column":0},"end":{"line":3,"column":null}},"loc":{"start":{"line":3,"column":0},"end":{"line":77,"column":null}}},"1":{"name":"Analytics","decl":{"start":{"line":14,"column":4},"end":{"line":14,"column":null}},"loc":{"start":{"line":14,"column":4},"end":{"line":17,"column":5}}},"2":{"name":"(anonymous_2)","decl":{"start":{"line":24,"column":4},"end":{"line":24,"column":11}},"loc":{"start":{"line":24,"column":46},"end":{"line":30,"column":5}}},"3":{"name":"(anonymous_3)","decl":{"start":{"line":37,"column":4},"end":{"line":37,"column":11}},"loc":{"start":{"line":37,"column":51},"end":{"line":39,"column":5}}},"4":{"name":"(anonymous_4)","decl":{"start":{"line":44,"column":4},"end":{"line":44,"column":11}},"loc":{"start":{"line":44,"column":4},"end":{"line":46,"column":5}}},"5":{"name":"(anonymous_5)","decl":{"start":{"line":51,"column":4},"end":{"line":51,"column":11}},"loc":{"start":{"line":51,"column":48},"end":{"line":53,"column":5}}},"6":{"name":"(anonymous_6)","decl":{"start":{"line":58,"column":4},"end":{"line":58,"column":11}},"loc":{"start":{"line":58,"column":4},"end":{"line":69,"column":5}}},"7":{"name":"(anonymous_7)","decl":{"start":{"line":74,"column":4},"end":{"line":74,"column":12}},"loc":{"start":{"line":74,"column":4},"end":{"line":76,"column":5}}},"8":{"name":"(anonymous_8)","decl":{"start":{"line":75,"column":31},"end":{"line":75,"column":32}},"loc":{"start":{"line":75,"column":39},"end":{"line":75,"column":51}}}},"branchMap":{"0":{"loc":{"start":{"line":25,"column":8},"end":{"line":25,"column":41}},"type":"if","locations":[{"start":{"line":25,"column":8},"end":{"line":25,"column":41}},{"start":{"line":25,"column":8},"end":{"line":25,"column":41}}]},"1":{"loc":{"start":{"line":64,"column":20},"end":{"line":64,"column":41}},"type":"binary-expr","locations":[{"start":{"line":64,"column":20},"end":{"line":64,"column":41}},{"start":{"line":64,"column":45},"end":{"line":64,"column":47}}]}},"s":{"0":1,"1":2,"2":2,"3":1,"4":2,"5":0,"6":2,"7":2,"8":1,"9":2,"10":1,"11":1,"12":1,"13":2,"14":1,"15":0,"16":0,"17":0,"18":1,"19":0,"20":0,"21":1},"f":{"0":1,"1":2,"2":2,"3":2,"4":1,"5":2,"6":0,"7":0,"8":0},"b":{"0":[0,2],"1":[0,0]}}
,"/Users/rood/Workplace/passive-analytics/src/providers/ConsoleProvider.ts": {"path":"/Users/rood/Workplace/passive-analytics/src/providers/ConsoleProvider.ts","statementMap":{"0":{"start":{"line":1,"column":0},"end":{"line":1,"column":34}},"1":{"start":{"line":5,"column":0},"end":{"line":5,"column":13}},"2":{"start":{"line":12,"column":8},"end":{"line":12,"column":30}},"3":{"start":{"line":18,"column":4},"end":{"line":20,"column":null}},"4":{"start":{"line":19,"column":8},"end":{"line":19,"column":44}},"5":{"start":{"line":26,"column":4},"end":{"line":31,"column":null}},"6":{"start":{"line":27,"column":8},"end":{"line":27,"column":52}},"7":{"start":{"line":28,"column":26},"end":{"line":28,"column":36}},"8":{"start":{"line":30,"column":8},"end":{"line":30,"column":62}},"9":{"start":{"line":36,"column":17},"end":{"line":43,"column":null}},"10":{"start":{"line":37,"column":14},"end":{"line":37,"column":74}},"11":{"start":{"line":40,"column":8},"end":{"line":40,"column":33}},"12":{"start":{"line":42,"column":8},"end":{"line":42,"column":20}},"13":{"start":{"line":6,"column":11},"end":{"line":6,"column":44}},"14":{"start":{"line":44,"column":0},"end":{"line":44,"column":null}},"15":{"start":{"line":5,"column":13},"end":{"line":5,"column":28}}},"fnMap":{"0":{"name":"(anonymous_13)","decl":{"start":{"line":5,"column":0},"end":{"line":5,"column":13}},"loc":{"start":{"line":5,"column":0},"end":{"line":5,"column":13}}},"1":{"name":"ConsoleProvider","decl":{"start":{"line":11,"column":4},"end":{"line":11,"column":16}},"loc":{"start":{"line":11,"column":23},"end":{"line":13,"column":5}}},"2":{"name":"(anonymous_15)","decl":{"start":{"line":18,"column":4},"end":{"line":18,"column":19}},"loc":{"start":{"line":18,"column":4},"end":{"line":20,"column":5}}},"3":{"name":"(anonymous_16)","decl":{"start":{"line":26,"column":4},"end":{"line":26,"column":23}},"loc":{"start":{"line":26,"column":37},"end":{"line":31,"column":5}}},"4":{"name":"(anonymous_17)","decl":{"start":{"line":36,"column":4},"end":{"line":36,"column":17}},"loc":{"start":{"line":36,"column":37},"end":{"line":43,"column":null}}}},"branchMap":{"0":{"loc":{"start":{"line":27,"column":26},"end":{"line":27,"column":41}},"type":"binary-expr","locations":[{"start":{"line":27,"column":26},"end":{"line":27,"column":41}},{"start":{"line":27,"column":45},"end":{"line":27,"column":51}}]}},"s":{"0":4,"1":4,"2":11,"3":4,"4":2,"5":4,"6":7,"7":7,"8":7,"9":4,"10":7,"11":7,"12":7,"13":4,"14":4,"15":4},"f":{"0":4,"1":11,"2":2,"3":7,"4":7},"b":{"0":[7,4]}}
,"/Users/rood/Workplace/passive-analytics/src/providers/index.ts": {"path":"/Users/rood/Workplace/passive-analytics/src/providers/index.ts","statementMap":{"0":{"start":{"line":1,"column":0},"end":{"line":1,"column":34}}},"fnMap":{},"branchMap":{},"s":{"0":4},"f":{},"b":{}}
,"/Users/rood/Workplace/passive-analytics/src/trackers/PagePerformanceTracker.ts": {"path":"/Users/rood/Workplace/passive-analytics/src/trackers/PagePerformanceTracker.ts","statementMap":{"0":{"start":{"line":3,"column":13},"end":{"line":5,"column":2}},"1":{"start":{"line":7,"column":0},"end":{"line":7,"column":13}},"2":{"start":{"line":15,"column":8},"end":{"line":15,"column":63}},"3":{"start":{"line":16,"column":8},"end":{"line":16,"column":34}},"4":{"start":{"line":22,"column":11},"end":{"line":28,"column":null}},"5":{"start":{"line":23,"column":8},"end":{"line":23,"column":41}},"6":{"start":{"line":23,"column":21},"end":{"line":23,"column":41}},"7":{"start":{"line":25,"column":8},"end":{"line":25,"column":63}},"8":{"start":{"line":27,"column":8},"end":{"line":27,"column":28}},"9":{"start":{"line":33,"column":11},"end":{"line":35,"column":null}},"10":{"start":{"line":34,"column":8},"end":{"line":34,"column":50}},"11":{"start":{"line":40,"column":11},"end":{"line":42,"column":null}},"12":{"start":{"line":41,"column":8},"end":{"line":41,"column":21}},"13":{"start":{"line":47,"column":12},"end":{"line":70,"column":null}},"14":{"start":{"line":47,"column":4},"end":{"line":47,"column":12}},"15":{"start":{"line":48,"column":8},"end":{"line":48,"column":48}},"16":{"start":{"line":48,"column":41},"end":{"line":48,"column":48}},"17":{"start":{"line":50,"column":25},"end":{"line":68,"column":10}},"18":{"start":{"line":51,"column":12},"end":{"line":67,"column":15}},"19":{"start":{"line":52,"column":38},"end":{"line":58,"column":18}},"20":{"start":{"line":60,"column":16},"end":{"line":64,"column":null}},"21":{"start":{"line":61,"column":20},"end":{"line":61,"column":50}},"22":{"start":{"line":62,"column":23},"end":{"line":64,"column":null}},"23":{"start":{"line":63,"column":20},"end":{"line":63,"column":49}},"24":{"start":{"line":66,"column":16},"end":{"line":66,"column":45}},"25":{"start":{"line":69,"column":8},"end":{"line":69,"column":70}},"26":{"start":{"line":8,"column":11},"end":{"line":8,"column":51}},"27":{"start":{"line":71,"column":0},"end":{"line":71,"column":2}},"28":{"start":{"line":7,"column":13},"end":{"line":7,"column":35}}},"fnMap":{"0":{"name":"(anonymous_0)","decl":{"start":{"line":7,"column":0},"end":{"line":7,"column":13}},"loc":{"start":{"line":7,"column":0},"end":{"line":7,"column":13}}},"1":{"name":"PagePerformanceTracker","decl":{"start":{"line":14,"column":4},"end":{"line":14,"column":16}},"loc":{"start":{"line":14,"column":24},"end":{"line":17,"column":5}}},"2":{"name":"(anonymous_2)","decl":{"start":{"line":22,"column":4},"end":{"line":22,"column":11}},"loc":{"start":{"line":22,"column":59},"end":{"line":28,"column":5}}},"3":{"name":"(anonymous_3)","decl":{"start":{"line":33,"column":4},"end":{"line":33,"column":11}},"loc":{"start":{"line":33,"column":4},"end":{"line":35,"column":5}}},"4":{"name":"(anonymous_4)","decl":{"start":{"line":40,"column":4},"end":{"line":40,"column":11}},"loc":{"start":{"line":40,"column":4},"end":{"line":42,"column":5}}},"5":{"name":"(anonymous_5)","decl":{"start":{"line":47,"column":4},"end":{"line":47,"column":12}},"loc":{"start":{"line":47,"column":4},"end":{"line":70,"column":5}}},"6":{"name":"(anonymous_6)","decl":{"start":{"line":50,"column":49},"end":{"line":50,"column":50}},"loc":{"start":{"line":50,"column":54},"end":{"line":68,"column":9}}},"7":{"name":"(anonymous_7)","decl":{"start":{"line":51,"column":38},"end":{"line":51,"column":39}},"loc":{"start":{"line":51,"column":44},"end":{"line":67,"column":13}}}},"branchMap":{"0":{"loc":{"start":{"line":23,"column":8},"end":{"line":23,"column":41}},"type":"if","locations":[{"start":{"line":23,"column":8},"end":{"line":23,"column":41}},{"start":{"line":23,"column":8},"end":{"line":23,"column":41}}]},"1":{"loc":{"start":{"line":48,"column":8},"end":{"line":48,"column":48}},"type":"if","locations":[{"start":{"line":48,"column":8},"end":{"line":48,"column":48}},{"start":{"line":48,"column":8},"end":{"line":48,"column":48}}]},"2":{"loc":{"start":{"line":60,"column":16},"end":{"line":64,"column":null}},"type":"if","locations":[{"start":{"line":60,"column":16},"end":{"line":64,"column":null}},{"start":{"line":60,"column":16},"end":{"line":64,"column":null}}]},"3":{"loc":{"start":{"line":62,"column":23},"end":{"line":64,"column":null}},"type":"if","locations":[{"start":{"line":62,"column":23},"end":{"line":64,"column":null}},{"start":{"line":62,"column":23},"end":{"line":64,"column":null}}]}},"s":{"0":3,"1":3,"2":5,"3":5,"4":3,"5":2,"6":1,"7":1,"8":1,"9":3,"10":6,"11":3,"12":4,"13":3,"14":4,"15":4,"16":1,"17":3,"18":3,"19":6,"20":6,"21":3,"22":3,"23":3,"24":6,"25":3,"26":3,"27":3,"28":3},"f":{"0":3,"1":5,"2":2,"3":6,"4":4,"5":4,"6":3,"7":6},"b":{"0":[1,1],"1":[1,3],"2":[3,3],"3":[3,0]}}
,"/Users/rood/Workplace/passive-analytics/src/trackers/PageViewTracker.ts": {"path":"/Users/rood/Workplace/passive-analytics/src/trackers/PageViewTracker.ts","statementMap":{"0":{"start":{"line":3,"column":0},"end":{"line":3,"column":13}},"1":{"start":{"line":9,"column":8},"end":{"line":9,"column":34}},"2":{"start":{"line":12,"column":11},"end":{"line":14,"column":null}},"3":{"start":{"line":13,"column":8},"end":{"line":13,"column":43}},"4":{"start":{"line":16,"column":11},"end":{"line":18,"column":null}},"5":{"start":{"line":17,"column":8},"end":{"line":17,"column":21}},"6":{"start":{"line":20,"column":12},"end":{"line":29,"column":null}},"7":{"start":{"line":21,"column":30},"end":{"line":27,"column":10}},"8":{"start":{"line":28,"column":8},"end":{"line":28,"column":37}},"9":{"start":{"line":31,"column":12},"end":{"line":48,"column":null}},"10":{"start":{"line":31,"column":4},"end":{"line":31,"column":12}},"11":{"start":{"line":33,"column":34},"end":{"line":33,"column":58}},"12":{"start":{"line":34,"column":8},"end":{"line":37,"column":10}},"13":{"start":{"line":34,"column":36},"end":{"line":34,"column":43}},"14":{"start":{"line":35,"column":12},"end":{"line":35,"column":58}},"15":{"start":{"line":36,"column":12},"end":{"line":36,"column":32}},"16":{"start":{"line":39,"column":37},"end":{"line":39,"column":64}},"17":{"start":{"line":40,"column":8},"end":{"line":43,"column":null}},"18":{"start":{"line":40,"column":39},"end":{"line":40,"column":46}},"19":{"start":{"line":41,"column":12},"end":{"line":41,"column":61}},"20":{"start":{"line":42,"column":12},"end":{"line":42,"column":32}},"21":{"start":{"line":45,"column":8},"end":{"line":45,"column":71}},"22":{"start":{"line":45,"column":50},"end":{"line":45,"column":70}},"23":{"start":{"line":47,"column":8},"end":{"line":47,"column":28}},"24":{"start":{"line":4,"column":11},"end":{"line":4,"column":44}},"25":{"start":{"line":49,"column":0},"end":{"line":49,"column":2}},"26":{"start":{"line":3,"column":13},"end":{"line":3,"column":28}}},"fnMap":{"0":{"name":"(anonymous_0)","decl":{"start":{"line":3,"column":0},"end":{"line":3,"column":13}},"loc":{"start":{"line":3,"column":0},"end":{"line":3,"column":13}}},"1":{"name":"PageViewTracker","decl":{"start":{"line":8,"column":4},"end":{"line":8,"column":16}},"loc":{"start":{"line":8,"column":24},"end":{"line":10,"column":5}}},"2":{"name":"(anonymous_2)","decl":{"start":{"line":12,"column":4},"end":{"line":12,"column":11}},"loc":{"start":{"line":12,"column":4},"end":{"line":14,"column":5}}},"3":{"name":"(anonymous_3)","decl":{"start":{"line":16,"column":4},"end":{"line":16,"column":11}},"loc":{"start":{"line":16,"column":4},"end":{"line":18,"column":5}}},"4":{"name":"(anonymous_4)","decl":{"start":{"line":20,"column":4},"end":{"line":20,"column":12}},"loc":{"start":{"line":20,"column":4},"end":{"line":29,"column":5}}},"5":{"name":"(anonymous_5)","decl":{"start":{"line":31,"column":4},"end":{"line":31,"column":12}},"loc":{"start":{"line":31,"column":4},"end":{"line":48,"column":5}}},"6":{"name":"(anonymous_6)","decl":{"start":{"line":34,"column":35},"end":{"line":34,"column":36}},"loc":{"start":{"line":34,"column":35},"end":{"line":37,"column":9}}},"7":{"name":"(anonymous_7)","decl":{"start":{"line":40,"column":38},"end":{"line":40,"column":39}},"loc":{"start":{"line":40,"column":38},"end":{"line":43,"column":9}}},"8":{"name":"(anonymous_8)","decl":{"start":{"line":45,"column":44},"end":{"line":45,"column":50}},"loc":{"start":{"line":45,"column":44},"end":{"line":45,"column":54}}}},"branchMap":{},"s":{"0":3,"1":5,"2":3,"3":2,"4":3,"5":1,"6":3,"7":1,"8":1,"9":3,"10":1,"11":1,"12":1,"13":0,"14":0,"15":0,"16":1,"17":1,"18":0,"19":0,"20":0,"21":1,"22":0,"23":1,"24":3,"25":3,"26":3},"f":{"0":3,"1":5,"2":2,"3":1,"4":1,"5":1,"6":0,"7":0,"8":0},"b":{}}
,"/Users/rood/Workplace/passive-analytics/src/trackers/index.ts": {"path":"/Users/rood/Workplace/passive-analytics/src/trackers/index.ts","statementMap":{"0":{"start":{"line":1,"column":0},"end":{"line":1,"column":41}},"1":{"start":{"line":2,"column":0},"end":{"line":2,"column":34}}},"fnMap":{},"branchMap":{},"s":{"0":3,"1":3},"f":{},"b":{}}
}
