TN:
SF:src/Analytics.ts
FN:3,(anonymous_0)
FN:14,Analytics
FN:24,(anonymous_2)
FN:37,(anonymous_3)
FN:44,(anonymous_4)
FN:51,(anonymous_5)
FN:58,(anonymous_6)
FN:74,(anonymous_7)
FN:75,(anonymous_8)
FNF:9
FNH:6
FNDA:1,(anonymous_0)
FNDA:2,Analytics
FNDA:2,(anonymous_2)
FNDA:2,(anonymous_3)
FNDA:1,(anonymous_4)
FNDA:2,(anonymous_5)
FNDA:0,(anonymous_6)
FNDA:0,(anonymous_7)
FNDA:0,(anonymous_8)
DA:3,1
DA:15,2
DA:16,2
DA:24,1
DA:25,2
DA:27,2
DA:29,2
DA:37,1
DA:38,2
DA:44,1
DA:45,1
DA:51,1
DA:52,2
DA:58,1
DA:59,0
DA:66,0
DA:68,0
DA:74,1
DA:75,0
DA:77,1
LF:20
LH:16
BRDA:25,0,0,0
BRDA:25,0,1,2
BRDA:64,1,0,0
BRDA:64,1,1,0
BRF:4
BRH:1
end_of_record
TN:
SF:src/providers/ConsoleProvider.ts
FN:5,(anonymous_13)
FN:11,ConsoleProvider
FN:18,(anonymous_15)
FN:26,(anonymous_16)
FN:36,(anonymous_17)
FNF:5
FNH:5
FNDA:4,(anonymous_13)
FNDA:11,ConsoleProvider
FNDA:2,(anonymous_15)
FNDA:7,(anonymous_16)
FNDA:7,(anonymous_17)
DA:1,4
DA:5,4
DA:6,4
DA:12,11
DA:18,4
DA:19,2
DA:26,4
DA:27,7
DA:28,7
DA:30,7
DA:36,4
DA:37,7
DA:40,7
DA:42,7
DA:44,4
LF:15
LH:15
BRDA:27,0,0,7
BRDA:27,0,1,4
BRF:2
BRH:2
end_of_record
TN:
SF:src/providers/index.ts
FNF:0
FNH:0
DA:1,4
LF:1
LH:1
BRF:0
BRH:0
end_of_record
TN:
SF:src/trackers/PagePerformanceTracker.ts
FN:7,(anonymous_0)
FN:14,PagePerformanceTracker
FN:22,(anonymous_2)
FN:33,(anonymous_3)
FN:40,(anonymous_4)
FN:47,(anonymous_5)
FN:50,(anonymous_6)
FN:51,(anonymous_7)
FNF:8
FNH:8
FNDA:3,(anonymous_0)
FNDA:5,PagePerformanceTracker
FNDA:2,(anonymous_2)
FNDA:6,(anonymous_3)
FNDA:4,(anonymous_4)
FNDA:4,(anonymous_5)
FNDA:3,(anonymous_6)
FNDA:6,(anonymous_7)
DA:3,3
DA:7,3
DA:8,3
DA:15,5
DA:16,5
DA:22,3
DA:23,2
DA:25,1
DA:27,1
DA:33,3
DA:34,6
DA:40,3
DA:41,4
DA:47,4
DA:48,4
DA:50,3
DA:51,3
DA:52,6
DA:60,6
DA:61,3
DA:62,3
DA:63,3
DA:66,6
DA:69,3
DA:71,3
LF:25
LH:25
BRDA:23,0,0,1
BRDA:23,0,1,1
BRDA:48,1,0,1
BRDA:48,1,1,3
BRDA:60,2,0,3
BRDA:60,2,1,3
BRDA:62,3,0,3
BRDA:62,3,1,0
BRF:8
BRH:7
end_of_record
TN:
SF:src/trackers/PageViewTracker.ts
FN:3,(anonymous_0)
FN:8,PageViewTracker
FN:12,(anonymous_2)
FN:16,(anonymous_3)
FN:20,(anonymous_4)
FN:31,(anonymous_5)
FN:34,(anonymous_6)
FN:40,(anonymous_7)
FN:45,(anonymous_8)
FNF:9
FNH:6
FNDA:3,(anonymous_0)
FNDA:5,PageViewTracker
FNDA:2,(anonymous_2)
FNDA:1,(anonymous_3)
FNDA:1,(anonymous_4)
FNDA:1,(anonymous_5)
FNDA:0,(anonymous_6)
FNDA:0,(anonymous_7)
FNDA:0,(anonymous_8)
DA:3,3
DA:4,3
DA:9,5
DA:12,3
DA:13,2
DA:16,3
DA:17,1
DA:20,3
DA:21,1
DA:28,1
DA:31,3
DA:33,1
DA:34,1
DA:35,0
DA:36,0
DA:39,1
DA:40,1
DA:41,0
DA:42,0
DA:45,1
DA:47,1
DA:49,3
LF:22
LH:18
BRF:0
BRH:0
end_of_record
TN:
SF:src/trackers/index.ts
FNF:0
FNH:0
DA:1,3
DA:2,3
LF:2
LH:2
BRF:0
BRH:0
end_of_record
