TN:
SF:src/Analytics.ts
FN:3,(anonymous_0)
FN:14,Analytics
FN:24,(anonymous_2)
FN:37,(anonymous_3)
FN:44,(anonymous_4)
FN:51,(anonymous_5)
FNF:6
FNH:6
FNDA:1,(anonymous_0)
FNDA:2,Analytics
FNDA:2,(anonymous_2)
FNDA:2,(anonymous_3)
FNDA:1,(anonymous_4)
FNDA:2,(anonymous_5)
DA:3,1
DA:15,2
DA:16,2
DA:24,1
DA:25,2
DA:27,2
DA:29,2
DA:37,1
DA:38,2
DA:44,1
DA:45,1
DA:51,1
DA:52,2
DA:54,1
LF:14
LH:14
BRDA:25,0,0,0
BRDA:25,0,1,2
BRF:2
BRH:1
end_of_record
TN:
SF:src/providers/ConsoleProvider.ts
FN:5,(anonymous_13)
FN:12,ConsoleProvider
FN:20,(anonymous_15)
FN:27,(anonymous_16)
FNF:4
FNH:4
FNDA:4,(anonymous_13)
FNDA:9,ConsoleProvider
FNDA:2,(anonymous_15)
FNDA:6,(anonymous_16)
DA:1,4
DA:5,4
DA:6,4
DA:13,9
DA:14,9
DA:20,4
DA:21,2
DA:27,4
DA:29,6
DA:31,6
DA:33,4
LF:11
LH:11
BRDA:13,0,0,9
BRDA:13,0,1,9
BRF:2
BRH:2
end_of_record
TN:
SF:src/providers/index.ts
FNF:0
FNH:0
DA:1,4
LF:1
LH:1
BRF:0
BRH:0
end_of_record
TN:
SF:src/trackers/PagePerformanceTracker.ts
FN:7,(anonymous_0)
FN:14,PagePerformanceTracker
FN:22,(anonymous_2)
FN:33,(anonymous_3)
FN:40,(anonymous_4)
FN:47,(anonymous_5)
FN:50,(anonymous_6)
FN:51,(anonymous_7)
FNF:8
FNH:8
FNDA:3,(anonymous_0)
FNDA:5,PagePerformanceTracker
FNDA:2,(anonymous_2)
FNDA:6,(anonymous_3)
FNDA:4,(anonymous_4)
FNDA:4,(anonymous_5)
FNDA:3,(anonymous_6)
FNDA:6,(anonymous_7)
DA:3,3
DA:7,3
DA:8,3
DA:15,5
DA:16,5
DA:22,3
DA:23,2
DA:25,1
DA:27,1
DA:33,3
DA:34,6
DA:40,3
DA:41,4
DA:47,4
DA:48,4
DA:50,3
DA:51,3
DA:52,6
DA:60,6
DA:61,3
DA:62,3
DA:63,3
DA:66,6
DA:70,6
DA:73,3
DA:75,3
LF:26
LH:26
BRDA:23,0,0,1
BRDA:23,0,1,1
BRDA:48,1,0,1
BRDA:48,1,1,3
BRDA:60,2,0,3
BRDA:60,2,1,3
BRDA:62,3,0,3
BRDA:62,3,1,0
BRF:8
BRH:7
end_of_record
TN:
SF:src/trackers/PageViewTracker.ts
FN:3,(anonymous_0)
FN:8,PageViewTracker
FN:12,(anonymous_2)
FNF:3
FNH:2
FNDA:3,(anonymous_0)
FNDA:3,PageViewTracker
FNDA:0,(anonymous_2)
DA:3,3
DA:4,3
DA:9,3
DA:12,3
DA:13,0
DA:15,3
LF:6
LH:5
BRF:0
BRH:0
end_of_record
TN:
SF:src/trackers/index.ts
FNF:0
FNH:0
DA:1,3
DA:2,3
LF:2
LH:2
BRF:0
BRH:0
end_of_record
